{
  "0 debug pnpm:scope": {
    "selected": 1,
    "workspacePrefix": "G:\\mini-source"
  },
  "1 error pnpm": {
    "errno": 1,
    "code": "ELIFECYCLE",
    "pkgid": "mini-source@1.0.0",
    "stage": "axios:example",
    "script": "pnpm --filter @mini/axios-example dev",
    "pkgname": "mini-source",
    "err": {
      "name": "pnpm",
      "message": "mini-source@1.0.0 axios:example: `pnpm --filter @mini/axios-example dev`\nExit status 1",
      "code": "ELIFECYCLE",
      "stack": "pnpm: mini-source@1.0.0 axios:example: `pnpm --filter @mini/axios-example dev`\nExit status 1\n    at EventEmitter.<anonymous> (C:\\Users\\LancerSung\\AppData\\Roaming\\npm\\pnpm-global\\5\\.pnpm\\pnpm@7.3.0\\node_modules\\pnpm\\dist\\pnpm.cjs:108415:20)\n    at EventEmitter.emit (events.js:400:28)\n    at ChildProcess.<anonymous> (C:\\Users\\LancerSung\\AppData\\Roaming\\npm\\pnpm-global\\5\\.pnpm\\pnpm@7.3.0\\node_modules\\pnpm\\dist\\pnpm.cjs:94981:18)\n    at ChildProcess.emit (events.js:400:28)\n    at maybeClose (internal/child_process.js:1058:16)\n    at Process.ChildProcess._handle.onexit (internal/child_process.js:293:5)"
    }
  }
}